
PLAY [Show all interfaces in brief format] *************************************

TASK [Run show commands on all devices] ****************************************
ok: [192.168.15.254]
ok: [192.168.15.253]

TASK [Display command output] **************************************************
ok: [192.168.15.253] => {
    "output.stdout_lines": [
        [
            "Interface              IP-Address      OK? Method Status                Protocol",
            "Vlan1                  192.168.15.253  YES NVRAM  up                    up      ",
            "FastEthernet0/1        unassigned      YES unset  down                  down    ",
            "FastEthernet0/2        unassigned      YES unset  down                  down    ",
            "FastEthernet0/3        unassigned      YES unset  down                  down    ",
            "FastEthernet0/4        unassigned      YES unset  down                  down    ",
            "FastEthernet0/5        unassigned      YES unset  down                  down    ",
            "FastEthernet0/6        unassigned      YES unset  down                  down    ",
            "FastEthernet0/7        unassigned      YES unset  down                  down    ",
            "FastEthernet0/8        unassigned      YES unset  down                  down    ",
            "FastEthernet0/9        unassigned      YES unset  down                  down    ",
            "FastEthernet0/10       unassigned      YES unset  up                    up      ",
            "FastEthernet0/11       unassigned      YES unset  down                  down    ",
            "FastEthernet0/12       unassigned      YES unset  down                  down    ",
            "FastEthernet0/13       unassigned      YES unset  down                  down    ",
            "FastEthernet0/14       unassigned      YES unset  down                  down    ",
            "FastEthernet0/15       unassigned      YES unset  down                  down    ",
            "FastEthernet0/16       unassigned      YES unset  down                  down    ",
            "FastEthernet0/17       unassigned      YES unset  down                  down    ",
            "FastEthernet0/18       unassigned      YES unset  down                  down    ",
            "FastEthernet0/19       unassigned      YES unset  down                  down    ",
            "FastEthernet0/20       unassigned      YES unset  down                  down    ",
            "FastEthernet0/21       unassigned      YES unset  down                  down    ",
            "FastEthernet0/22       unassigned      YES unset  down                  down    ",
            "FastEthernet0/23       unassigned      YES unset  down                  down    ",
            "FastEthernet0/24       unassigned      YES unset  down                  down    ",
            "GigabitEthernet0/1     unassigned      YES unset  up                    up      ",
            "GigabitEthernet0/2     unassigned      YES unset  down                  down"
        ]
    ]
}
ok: [192.168.15.254] => {
    "output.stdout_lines": [
        [
            "Interface                  IP-Address      OK? Method Status                Protocol",
            "Embedded-Service-Engine0/0 unassigned      YES NVRAM  administratively down down    ",
            "GigabitEthernet0/0         192.168.15.254  YES NVRAM  up                    up      ",
            "GigabitEthernet0/1         unassigned      YES NVRAM  administratively down down    ",
            "GigabitEthernet0/2         unassigned      YES NVRAM  administratively down down    ",
            "Serial0/0/0                unassigned      YES NVRAM  administratively down down    ",
            "Serial0/0/1                unassigned      YES NVRAM  administratively down down"
        ]
    ]
}

PLAY RECAP *********************************************************************
192.168.15.253             : ok=2    changed=0    unreachable=0    failed=0    skipped=0    rescued=0    ignored=0   
192.168.15.254             : ok=2    changed=0    unreachable=0    failed=0    skipped=0    rescued=0    ignored=0   

